TN:
SF:src/app.js
FN:20,(anonymous_0)
FN:35,(anonymous_1)
FNF:2
FNH:0
FNDA:0,(anonymous_0)
FNDA:0,(anonymous_1)
DA:6,1
DA:7,1
DA:8,1
DA:9,1
DA:10,1
DA:11,1
DA:13,1
DA:16,1
DA:19,1
DA:22,0
DA:23,0
DA:29,1
DA:35,1
DA:36,0
DA:37,0
DA:41,1
DA:44,1
DA:47,1
DA:49,1
LF:19
LH:15
BRDA:22,0,0,0
BRDA:22,0,1,0
BRF:2
BRH:0
end_of_record
TN:
SF:src/config/database.js
FN:9,(anonymous_0)
FN:21,(anonymous_1)
FN:27,(anonymous_2)
FN:34,(anonymous_3)
FNF:4
FNH:0
FNDA:0,(anonymous_0)
FNDA:0,(anonymous_1)
FNDA:0,(anonymous_2)
FNDA:0,(anonymous_3)
DA:1,0
DA:2,0
DA:4,0
DA:9,0
DA:10,0
DA:11,0
DA:12,0
DA:13,0
DA:14,0
DA:16,0
DA:17,0
DA:21,0
DA:27,0
DA:34,0
DA:35,0
DA:36,0
DA:37,0
DA:38,0
DA:39,0
DA:40,0
DA:42,0
DA:43,0
DA:45,0
DA:49,0
LF:24
LH:0
BRF:0
BRH:0
end_of_record
TN:
SF:src/config/env.js
FN:24,(anonymous_0)
FN:46,(anonymous_1)
FN:61,(anonymous_2)
FN:89,(anonymous_3)
FNF:4
FNH:1
FNDA:1,(anonymous_0)
FNDA:0,(anonymous_1)
FNDA:0,(anonymous_2)
FNDA:0,(anonymous_3)
DA:6,1
DA:9,1
DA:15,1
DA:24,1
DA:25,1
DA:26,1
DA:29,1
DA:30,2
DA:31,0
DA:36,1
DA:37,0
DA:38,0
DA:39,0
DA:44,1
DA:45,0
DA:46,0
DA:47,0
DA:48,0
DA:52,1
DA:53,1
DA:54,1
DA:55,2
DA:56,0
DA:59,1
DA:60,0
DA:61,0
DA:62,0
DA:68,1
DA:71,1
DA:90,0
LF:30
LH:17
BRDA:30,0,0,0
BRDA:30,0,1,2
BRDA:36,1,0,0
BRDA:36,1,1,1
BRDA:38,2,0,0
BRDA:38,2,1,0
BRDA:44,3,0,0
BRDA:44,3,1,1
BRDA:52,4,0,1
BRDA:52,4,1,0
BRDA:55,5,0,0
BRDA:55,5,1,2
BRDA:59,6,0,0
BRDA:59,6,1,1
BRDA:73,7,0,1
BRDA:73,7,1,0
BRDA:74,8,0,1
BRDA:74,8,1,0
BRDA:81,9,0,1
BRDA:81,9,1,0
BRDA:84,10,0,1
BRDA:84,10,1,0
BRDA:85,11,0,1
BRDA:85,11,1,0
BRDA:86,12,0,1
BRDA:86,12,1,0
BRDA:90,13,0,0
BRDA:90,13,1,0
BRF:28
BRH:12
end_of_record
TN:
SF:src/config/swagger.js
FNF:0
FNH:0
DA:5,1
DA:7,1
DA:364,1
DA:366,1
LF:4
LH:4
BRF:0
BRH:0
end_of_record
TN:
SF:src/middleware/auth.js
FN:10,(anonymous_0)
FN:42,(anonymous_1)
FN:58,(anonymous_2)
FN:88,(anonymous_3)
FNF:4
FNH:0
FNDA:0,(anonymous_0)
FNDA:0,(anonymous_1)
FNDA:0,(anonymous_2)
FNDA:0,(anonymous_3)
DA:1,1
DA:2,1
DA:3,1
DA:4,1
DA:10,1
DA:11,0
DA:12,0
DA:14,0
DA:15,0
DA:18,0
DA:19,0
DA:22,0
DA:27,0
DA:28,0
DA:31,0
DA:32,0
DA:34,0
DA:42,1
DA:43,0
DA:44,0
DA:47,0
DA:48,0
DA:51,0
DA:58,1
DA:59,0
DA:60,0
DA:62,0
DA:63,0
DA:66,0
DA:67,0
DA:69,0
DA:74,0
DA:75,0
DA:78,0
DA:80,0
DA:88,1
DA:89,0
DA:90,0
DA:93,0
DA:94,0
DA:97,0
DA:98,0
DA:101,0
DA:104,1
DA:105,1
DA:106,1
DA:107,1
DA:108,1
LF:48
LH:13
BRDA:14,0,0,0
BRDA:14,0,1,0
BRDA:14,1,0,0
BRDA:14,1,1,0
BRDA:27,2,0,0
BRDA:27,2,1,0
BRDA:43,3,0,0
BRDA:43,3,1,0
BRDA:47,4,0,0
BRDA:47,4,1,0
BRDA:62,5,0,0
BRDA:62,5,1,0
BRDA:62,6,0,0
BRDA:62,6,1,0
BRDA:74,7,0,0
BRDA:74,7,1,0
BRDA:89,8,0,0
BRDA:89,8,1,0
BRDA:93,9,0,0
BRDA:93,9,1,0
BRDA:93,10,0,0
BRDA:93,10,1,0
BRDA:97,11,0,0
BRDA:97,11,1,0
BRDA:97,12,0,0
BRDA:97,12,1,0
BRF:26
BRH:0
end_of_record
TN:
SF:src/middleware/authorize.js
FN:14,(anonymous_0)
FN:44,(anonymous_1)
FN:59,(anonymous_2)
FN:75,(anonymous_3)
FN:101,(anonymous_4)
FNF:5
FNH:0
FNDA:0,(anonymous_0)
FNDA:0,(anonymous_1)
FNDA:0,(anonymous_2)
FNDA:0,(anonymous_3)
FNDA:0,(anonymous_4)
DA:6,1
DA:7,1
DA:8,1
DA:14,1
DA:15,0
DA:16,0
DA:18,0
DA:19,0
DA:23,0
DA:25,0
DA:26,0
DA:29,0
DA:30,0
DA:34,0
DA:35,0
DA:37,0
DA:44,1
DA:45,0
DA:46,0
DA:49,0
DA:50,0
DA:53,0
DA:59,1
DA:60,0
DA:61,0
DA:64,0
DA:65,0
DA:68,0
DA:75,1
DA:76,0
DA:78,0
DA:79,0
DA:80,0
DA:81,0
DA:82,0
DA:83,0
DA:85,0
DA:87,0
DA:91,0
DA:93,0
DA:101,1
DA:102,0
DA:103,0
DA:106,0
DA:108,0
DA:109,0
DA:112,0
DA:113,0
DA:114,0
DA:116,0
DA:120,1
LF:51
LH:9
BRDA:18,0,0,0
BRDA:18,0,1,0
BRDA:25,1,0,0
BRDA:25,1,1,0
BRDA:29,2,0,0
BRDA:29,2,1,0
BRDA:45,3,0,0
BRDA:45,3,1,0
BRDA:49,4,0,0
BRDA:49,4,1,0
BRDA:60,5,0,0
BRDA:60,5,1,0
BRDA:64,6,0,0
BRDA:64,6,1,0
BRDA:64,7,0,0
BRDA:64,7,1,0
BRDA:78,8,0,0
BRDA:78,8,1,0
BRDA:80,9,0,0
BRDA:80,9,1,0
BRDA:82,10,0,0
BRDA:82,10,1,0
BRDA:108,11,0,0
BRDA:108,11,1,0
BRDA:108,12,0,0
BRDA:108,12,1,0
BRF:26
BRH:0
end_of_record
TN:
SF:src/middleware/errorHandler.js
FN:12,(anonymous_0)
FN:35,(anonymous_1)
FN:56,(anonymous_2)
FN:70,(anonymous_3)
FN:70,(anonymous_4)
FNF:5
FNH:0
FNDA:0,(anonymous_0)
FNDA:0,(anonymous_1)
FNDA:0,(anonymous_2)
FNDA:0,(anonymous_3)
FNDA:0,(anonymous_4)
DA:6,1
DA:7,1
DA:12,1
DA:13,0
DA:14,0
DA:15,0
DA:16,0
DA:18,0
DA:19,0
DA:20,0
DA:21,0
DA:22,0
DA:25,0
DA:26,0
DA:28,0
DA:35,1
DA:37,0
DA:40,0
DA:41,0
DA:46,0
DA:50,0
DA:56,1
DA:57,0
DA:70,1
DA:71,0
DA:74,1
LF:26
LH:7
BRDA:16,0,0,0
BRDA:16,0,1,0
BRDA:25,1,0,0
BRDA:25,1,1,0
BRDA:40,2,0,0
BRDA:40,2,1,0
BRDA:46,3,0,0
BRDA:46,3,1,0
BRF:8
BRH:0
end_of_record
TN:
SF:src/middleware/kyc.middleware.js
FN:19,(anonymous_0)
FN:36,(anonymous_1)
FN:96,(anonymous_2)
FN:139,(anonymous_3)
FN:181,(anonymous_4)
FNF:5
FNH:0
FNDA:0,(anonymous_0)
FNDA:0,(anonymous_1)
FNDA:0,(anonymous_2)
FNDA:0,(anonymous_3)
FNDA:0,(anonymous_4)
DA:11,1
DA:12,1
DA:13,1
DA:14,1
DA:19,1
DA:20,0
DA:36,1
DA:37,0
DA:39,0
DA:40,0
DA:44,0
DA:49,0
DA:50,0
DA:53,0
DA:56,0
DA:57,0
DA:60,0
DA:73,0
DA:77,0
DA:78,0
DA:80,0
DA:81,0
DA:96,1
DA:97,0
DA:98,0
DA:99,0
DA:102,0
DA:107,0
DA:108,0
DA:111,0
DA:113,0
DA:114,0
DA:122,0
DA:124,0
DA:125,0
DA:139,1
DA:140,0
DA:141,0
DA:142,0
DA:145,0
DA:150,0
DA:151,0
DA:154,0
DA:156,0
DA:157,0
DA:165,0
DA:167,0
DA:168,0
DA:181,1
DA:182,0
DA:184,0
DA:190,0
DA:197,0
DA:203,0
DA:209,0
DA:217,1
DA:219,1
LF:57
LH:11
BRDA:39,0,0,0
BRDA:39,0,1,0
BRDA:49,1,0,0
BRDA:49,1,1,0
BRDA:56,2,0,0
BRDA:56,2,1,0
BRDA:56,3,0,0
BRDA:56,3,1,0
BRDA:98,4,0,0
BRDA:98,4,1,0
BRDA:107,5,0,0
BRDA:107,5,1,0
BRDA:113,6,0,0
BRDA:113,6,1,0
BRDA:141,7,0,0
BRDA:141,7,1,0
BRDA:150,8,0,0
BRDA:150,8,1,0
BRDA:156,9,0,0
BRDA:156,9,1,0
BRDA:161,10,0,0
BRDA:161,10,1,0
BRDA:182,11,0,0
BRDA:182,11,1,0
BRDA:182,11,2,0
BRDA:182,11,3,0
BRDA:182,11,4,0
BRDA:182,11,5,0
BRDA:205,12,0,0
BRDA:205,12,1,0
BRF:30
BRH:0
end_of_record
TN:
SF:src/middleware/requireTransactionEligibility.js
FN:15,(anonymous_0)
FN:63,(anonymous_1)
FN:88,(anonymous_2)
FNF:3
FNH:0
FNDA:0,(anonymous_0)
FNDA:0,(anonymous_1)
FNDA:0,(anonymous_2)
DA:9,0
DA:15,0
DA:16,0
DA:18,0
DA:19,0
DA:29,0
DA:31,0
DA:33,0
DA:35,0
DA:46,0
DA:47,0
DA:49,0
DA:50,0
DA:63,0
DA:64,0
DA:67,0
DA:77,0
DA:80,0
DA:88,0
DA:89,0
DA:90,0
DA:91,0
DA:92,0
DA:93,0
DA:94,0
DA:96,0
DA:97,0
DA:99,0
DA:102,0
DA:103,0
DA:107,0
LF:31
LH:0
BRDA:18,0,0,0
BRDA:18,0,1,0
BRDA:31,1,0,0
BRDA:31,1,1,0
BRDA:64,2,0,0
BRDA:64,2,1,0
BRDA:64,2,2,0
BRDA:64,2,3,0
BRDA:64,2,4,0
BRDA:64,2,5,0
BRDA:64,2,6,0
BRDA:64,2,7,0
BRDA:64,2,8,0
BRDA:64,2,9,0
BRDA:64,2,10,0
BRDA:90,3,0,0
BRDA:90,3,1,0
BRF:17
BRH:0
end_of_record
TN:
SF:src/middleware/validate.js
FN:15,(anonymous_0)
FN:22,(anonymous_1)
FN:29,(anonymous_2)
FN:36,(anonymous_3)
FN:44,(anonymous_4)
FN:79,(anonymous_5)
FN:106,(anonymous_6)
FNF:7
FNH:0
FNDA:0,(anonymous_0)
FNDA:0,(anonymous_1)
FNDA:0,(anonymous_2)
FNDA:0,(anonymous_3)
FNDA:0,(anonymous_4)
FNDA:0,(anonymous_5)
FNDA:0,(anonymous_6)
DA:7,1
DA:10,1
DA:15,1
DA:16,0
DA:22,1
DA:23,0
DA:29,1
DA:30,0
DA:36,1
DA:37,0
DA:38,0
DA:44,1
DA:45,0
DA:46,0
DA:49,0
DA:50,0
DA:53,0
DA:54,0
DA:55,0
DA:56,0
DA:59,0
DA:60,0
DA:61,0
DA:62,0
DA:65,0
DA:66,0
DA:70,0
DA:71,0
DA:73,0
DA:79,1
DA:80,0
DA:81,0
DA:83,0
DA:84,0
DA:85,0
DA:86,0
DA:89,0
DA:90,0
DA:93,0
DA:94,0
DA:98,0
DA:100,0
DA:106,1
DA:107,0
DA:108,0
DA:110,0
DA:111,0
DA:112,0
DA:113,0
DA:116,0
DA:117,0
DA:118,0
DA:119,0
DA:122,0
DA:123,0
DA:127,0
DA:128,0
DA:130,0
DA:134,1
DA:136,1
LF:60
LH:11
BRDA:16,0,0,0
BRDA:16,0,1,0
BRDA:23,1,0,0
BRDA:23,1,1,0
BRDA:30,2,0,0
BRDA:30,2,1,0
BRDA:37,3,0,0
BRDA:37,3,1,0
BRDA:49,4,0,0
BRDA:49,4,1,0
BRDA:53,5,0,0
BRDA:53,5,1,0
BRDA:55,6,0,0
BRDA:55,6,1,0
BRDA:59,7,0,0
BRDA:59,7,1,0
BRDA:61,8,0,0
BRDA:61,8,1,0
BRDA:65,9,0,0
BRDA:65,9,1,0
BRDA:83,10,0,0
BRDA:83,10,1,0
BRDA:85,11,0,0
BRDA:85,11,1,0
BRDA:89,12,0,0
BRDA:89,12,1,0
BRDA:93,13,0,0
BRDA:93,13,1,0
BRDA:110,14,0,0
BRDA:110,14,1,0
BRDA:112,15,0,0
BRDA:112,15,1,0
BRDA:116,16,0,0
BRDA:116,16,1,0
BRDA:116,17,0,0
BRDA:116,17,1,0
BRDA:118,18,0,0
BRDA:118,18,1,0
BRDA:118,19,0,0
BRDA:118,19,1,0
BRDA:122,20,0,0
BRDA:122,20,1,0
BRDA:128,21,0,0
BRDA:128,21,1,0
BRF:44
BRH:0
end_of_record
TN:
SF:src/middleware/validators/onboarding.js
FN:37,(anonymous_0)
FN:41,(anonymous_1)
FN:45,(anonymous_2)
FN:49,(anonymous_3)
FN:55,(anonymous_4)
FN:63,(anonymous_5)
FN:72,(anonymous_6)
FN:130,(anonymous_7)
FN:192,(anonymous_8)
FN:264,(anonymous_9)
FN:289,(anonymous_10)
FN:316,(anonymous_11)
FNF:12
FNH:0
FNDA:0,(anonymous_0)
FNDA:0,(anonymous_1)
FNDA:0,(anonymous_2)
FNDA:0,(anonymous_3)
FNDA:0,(anonymous_4)
FNDA:0,(anonymous_5)
FNDA:0,(anonymous_6)
FNDA:0,(anonymous_7)
FNDA:0,(anonymous_8)
FNDA:0,(anonymous_9)
FNDA:0,(anonymous_10)
FNDA:0,(anonymous_11)
DA:7,1
DA:8,1
DA:11,1
DA:12,1
DA:13,1
DA:16,1
DA:27,1
DA:37,1
DA:38,0
DA:41,1
DA:42,0
DA:45,1
DA:46,0
DA:49,1
DA:50,0
DA:51,0
DA:52,0
DA:55,1
DA:56,0
DA:57,0
DA:58,0
DA:59,0
DA:60,0
DA:63,1
DA:64,0
DA:65,0
DA:72,1
DA:79,0
DA:80,0
DA:83,0
DA:84,0
DA:85,0
DA:86,0
DA:89,0
DA:90,0
DA:91,0
DA:92,0
DA:95,0
DA:96,0
DA:100,0
DA:101,0
DA:104,0
DA:105,0
DA:108,0
DA:109,0
DA:113,0
DA:114,0
DA:115,0
DA:116,0
DA:117,0
DA:119,0
DA:120,0
DA:123,0
DA:130,1
DA:136,0
DA:137,0
DA:140,0
DA:141,0
DA:145,0
DA:146,0
DA:150,0
DA:151,0
DA:155,0
DA:156,0
DA:157,0
DA:159,0
DA:160,0
DA:162,0
DA:163,0
DA:165,0
DA:166,0
DA:168,0
DA:169,0
DA:173,0
DA:174,0
DA:178,0
DA:179,0
DA:181,0
DA:182,0
DA:183,0
DA:186,0
DA:192,1
DA:201,0
DA:202,0
DA:205,0
DA:206,0
DA:207,0
DA:208,0
DA:211,0
DA:212,0
DA:213,0
DA:214,0
DA:218,0
DA:219,0
DA:223,0
DA:224,0
DA:225,0
DA:226,0
DA:231,0
DA:232,0
DA:236,0
DA:237,0
DA:241,0
DA:242,0
DA:245,0
DA:246,0
DA:250,0
DA:251,0
DA:252,0
DA:253,0
DA:254,0
DA:255,0
DA:257,0
DA:264,1
DA:265,0
DA:266,0
DA:269,0
DA:270,0
DA:273,0
DA:274,0
DA:275,0
DA:279,0
DA:280,0
DA:283,0
DA:289,1
DA:290,0
DA:291,0
DA:293,0
DA:294,0
DA:295,0
DA:296,0
DA:299,0
DA:300,0
DA:303,0
DA:304,0
DA:307,0
DA:308,0
DA:310,0
DA:316,1
DA:323,0
DA:324,0
DA:326,0
DA:327,0
DA:329,0
DA:330,0
DA:332,0
DA:333,0
DA:335,0
DA:336,0
DA:338,0
DA:339,0
DA:342,0
DA:343,0
DA:346,0
DA:347,0
DA:348,0
DA:349,0
DA:350,0
DA:351,0
DA:353,0
DA:354,0
DA:357,0
DA:360,1
LF:163
LH:20
BRDA:38,0,0,0
BRDA:38,0,1,0
BRDA:42,1,0,0
BRDA:42,1,1,0
BRDA:50,2,0,0
BRDA:50,2,1,0
BRDA:56,3,0,0
BRDA:56,3,1,0
BRDA:60,4,0,0
BRDA:60,4,1,0
BRDA:64,5,0,0
BRDA:64,5,1,0
BRDA:83,6,0,0
BRDA:83,6,1,0
BRDA:85,7,0,0
BRDA:85,7,1,0
BRDA:89,8,0,0
BRDA:89,8,1,0
BRDA:91,9,0,0
BRDA:91,9,1,0
BRDA:95,10,0,0
BRDA:95,10,1,0
BRDA:100,11,0,0
BRDA:100,11,1,0
BRDA:100,12,0,0
BRDA:100,12,1,0
BRDA:104,13,0,0
BRDA:104,13,1,0
BRDA:104,14,0,0
BRDA:104,14,1,0
BRDA:108,15,0,0
BRDA:108,15,1,0
BRDA:116,16,0,0
BRDA:116,16,1,0
BRDA:119,17,0,0
BRDA:119,17,1,0
BRDA:140,18,0,0
BRDA:140,18,1,0
BRDA:140,19,0,0
BRDA:140,19,1,0
BRDA:145,20,0,0
BRDA:145,20,1,0
BRDA:150,21,0,0
BRDA:150,21,1,0
BRDA:150,22,0,0
BRDA:150,22,1,0
BRDA:155,23,0,0
BRDA:155,23,1,0
BRDA:156,24,0,0
BRDA:156,24,1,0
BRDA:159,25,0,0
BRDA:159,25,1,0
BRDA:162,26,0,0
BRDA:162,26,1,0
BRDA:165,27,0,0
BRDA:165,27,1,0
BRDA:168,28,0,0
BRDA:168,28,1,0
BRDA:168,29,0,0
BRDA:168,29,1,0
BRDA:173,30,0,0
BRDA:173,30,1,0
BRDA:178,31,0,0
BRDA:178,31,1,0
BRDA:182,32,0,0
BRDA:182,32,1,0
BRDA:205,33,0,0
BRDA:205,33,1,0
BRDA:207,34,0,0
BRDA:207,34,1,0
BRDA:211,35,0,0
BRDA:211,35,1,0
BRDA:213,36,0,0
BRDA:213,36,1,0
BRDA:218,37,0,0
BRDA:218,37,1,0
BRDA:218,38,0,0
BRDA:218,38,1,0
BRDA:223,39,0,0
BRDA:223,39,1,0
BRDA:223,40,0,0
BRDA:223,40,1,0
BRDA:225,41,0,0
BRDA:225,41,1,0
BRDA:225,42,0,0
BRDA:225,42,1,0
BRDA:225,42,2,0
BRDA:231,43,0,0
BRDA:231,43,1,0
BRDA:231,44,0,0
BRDA:231,44,1,0
BRDA:236,45,0,0
BRDA:236,45,1,0
BRDA:236,46,0,0
BRDA:236,46,1,0
BRDA:241,47,0,0
BRDA:241,47,1,0
BRDA:241,48,0,0
BRDA:241,48,1,0
BRDA:241,48,2,0
BRDA:245,49,0,0
BRDA:245,49,1,0
BRDA:252,50,0,0
BRDA:252,50,1,0
BRDA:253,51,0,0
BRDA:253,51,1,0
BRDA:254,52,0,0
BRDA:254,52,1,0
BRDA:255,53,0,0
BRDA:255,53,1,0
BRDA:269,54,0,0
BRDA:269,54,1,0
BRDA:274,55,0,0
BRDA:274,55,1,0
BRDA:279,56,0,0
BRDA:279,56,1,0
BRDA:293,57,0,0
BRDA:293,57,1,0
BRDA:295,58,0,0
BRDA:295,58,1,0
BRDA:299,59,0,0
BRDA:299,59,1,0
BRDA:303,60,0,0
BRDA:303,60,1,0
BRDA:326,61,0,0
BRDA:326,61,1,0
BRDA:329,62,0,0
BRDA:329,62,1,0
BRDA:332,63,0,0
BRDA:332,63,1,0
BRDA:335,64,0,0
BRDA:335,64,1,0
BRDA:338,65,0,0
BRDA:338,65,1,0
BRDA:338,66,0,0
BRDA:338,66,1,0
BRDA:342,67,0,0
BRDA:342,67,1,0
BRDA:350,68,0,0
BRDA:350,68,1,0
BRDA:353,69,0,0
BRDA:353,69,1,0
BRF:142
BRH:0
end_of_record
TN:
SF:src/models/BeneficialOwner.js
FNF:0
FNH:0
DA:1,0
DA:28,0
LF:2
LH:0
BRF:0
BRH:0
end_of_record
TN:
SF:src/models/Document.js
FNF:0
FNH:0
DA:1,0
DA:3,0
DA:27,0
LF:3
LH:0
BRF:0
BRH:0
end_of_record
TN:
SF:src/models/KycEvent.js
FNF:0
FNH:0
DA:7,0
DA:20,0
DA:28,0
DA:34,0
DA:53,0
LF:5
LH:0
BRF:0
BRH:0
end_of_record
TN:
SF:src/models/KycSubmission.js
FNF:0
FNH:0
DA:1,0
DA:3,0
DA:25,0
LF:3
LH:0
BRF:0
BRH:0
end_of_record
TN:
SF:src/models/Merchant.js
FNF:0
FNH:0
DA:1,0
DA:3,0
DA:28,0
LF:3
LH:0
BRF:0
BRH:0
end_of_record
TN:
SF:src/models/MerchantAddress.js
FNF:0
FNH:0
DA:1,0
DA:3,0
DA:23,0
LF:3
LH:0
BRF:0
BRH:0
end_of_record
TN:
SF:src/models/Onboarding.js
FNF:0
FNH:0
DA:1,0
DA:9,0
DA:24,0
LF:3
LH:0
BRF:0
BRH:0
end_of_record
TN:
SF:src/models/OnboardingProgress.js
FNF:0
FNH:0
DA:1,0
DA:3,0
DA:22,0
LF:3
LH:0
BRF:0
BRH:0
end_of_record
TN:
SF:src/models/SystemLog.js
FNF:0
FNH:0
DA:7,3
DA:29,3
DA:37,3
DA:53,3
LF:4
LH:4
BRF:0
BRH:0
end_of_record
TN:
SF:src/models/Transaction.js
FN:61,(anonymous_0)
FN:72,(anonymous_1)
FN:97,(anonymous_2)
FNF:3
FNH:0
FNDA:0,(anonymous_0)
FNDA:0,(anonymous_1)
FNDA:0,(anonymous_2)
DA:7,1
DA:16,1
DA:26,1
DA:32,1
DA:62,0
DA:73,0
DA:98,0
DA:99,0
DA:103,1
DA:104,1
DA:105,1
DA:106,1
LF:12
LH:8
BRDA:98,0,0,0
BRDA:98,0,1,0
BRF:2
BRH:0
end_of_record
TN:
SF:src/models/User.js
FNF:0
FNH:0
DA:6,0
DA:12,0
DA:22,0
DA:31,0
DA:36,0
DA:64,0
LF:6
LH:0
BRF:0
BRH:0
end_of_record
TN:
SF:src/modules/admin/routes.js
FN:73,(anonymous_0)
FN:166,(anonymous_1)
FN:229,(anonymous_2)
FN:319,(anonymous_3)
FN:381,(anonymous_4)
FN:450,(anonymous_5)
FN:520,(anonymous_6)
FN:569,(anonymous_7)
FN:628,(anonymous_8)
FNF:9
FNH:0
FNDA:0,(anonymous_0)
FNDA:0,(anonymous_1)
FNDA:0,(anonymous_2)
FNDA:0,(anonymous_3)
FNDA:0,(anonymous_4)
FNDA:0,(anonymous_5)
FNDA:0,(anonymous_6)
FNDA:0,(anonymous_7)
FNDA:0,(anonymous_8)
DA:6,1
DA:7,1
DA:8,1
DA:9,1
DA:10,1
DA:11,1
DA:12,1
DA:15,1
DA:16,1
DA:73,1
DA:74,0
DA:75,0
DA:76,0
DA:78,0
DA:83,0
DA:84,0
DA:86,0
DA:87,0
DA:88,0
DA:89,0
DA:92,0
DA:93,0
DA:95,0
DA:98,0
DA:99,0
DA:100,0
DA:101,0
DA:102,0
DA:104,0
DA:106,0
DA:115,0
DA:166,1
DA:167,0
DA:168,0
DA:169,0
DA:176,0
DA:178,0
DA:229,1
DA:230,0
DA:231,0
DA:234,0
DA:241,0
DA:242,0
DA:246,0
DA:252,0
DA:258,0
DA:264,0
DA:266,0
DA:274,0
DA:319,1
DA:320,0
DA:321,0
DA:322,0
DA:324,0
DA:325,0
DA:327,0
DA:328,0
DA:330,0
DA:331,0
DA:333,0
DA:381,1
DA:382,0
DA:383,0
DA:384,0
DA:386,0
DA:391,0
DA:393,0
DA:394,0
DA:396,0
DA:397,0
DA:399,0
DA:450,1
DA:451,0
DA:452,0
DA:453,0
DA:455,0
DA:456,0
DA:459,0
DA:465,0
DA:467,0
DA:468,0
DA:470,0
DA:471,0
DA:473,0
DA:520,1
DA:521,0
DA:522,0
DA:523,0
DA:525,0
DA:526,0
DA:529,0
DA:530,0
DA:532,0
DA:569,1
DA:570,0
DA:571,0
DA:572,0
DA:573,0
DA:575,0
DA:628,1
DA:629,0
DA:630,0
DA:631,0
DA:633,0
DA:634,0
DA:636,0
DA:637,0
DA:639,0
DA:640,0
DA:642,0
DA:646,1
LF:111
LH:19
BRDA:75,0,0,0
BRDA:75,1,0,0
BRDA:86,2,0,0
BRDA:86,2,1,0
BRDA:100,3,0,0
BRDA:100,3,1,0
BRDA:168,4,0,0
BRDA:168,5,0,0
BRDA:241,6,0,0
BRDA:241,6,1,0
BRDA:327,7,0,0
BRDA:327,7,1,0
BRDA:330,8,0,0
BRDA:330,8,1,0
BRDA:393,9,0,0
BRDA:393,9,1,0
BRDA:396,10,0,0
BRDA:396,10,1,0
BRDA:455,11,0,0
BRDA:455,11,1,0
BRDA:467,12,0,0
BRDA:467,12,1,0
BRDA:470,13,0,0
BRDA:470,13,1,0
BRDA:525,14,0,0
BRDA:525,14,1,0
BRDA:636,15,0,0
BRDA:636,15,1,0
BRDA:639,16,0,0
BRDA:639,16,1,0
BRF:30
BRH:0
end_of_record
TN:
SF:src/modules/auth/routes.js
FN:12,(anonymous_0)
FN:57,(anonymous_1)
FNF:2
FNH:0
FNDA:0,(anonymous_0)
FNDA:0,(anonymous_1)
DA:1,1
DA:2,1
DA:3,1
DA:4,1
DA:5,1
DA:6,1
DA:7,1
DA:8,1
DA:9,1
DA:12,1
DA:13,0
DA:14,0
DA:16,0
DA:21,0
DA:22,0
DA:25,0
DA:27,0
DA:28,0
DA:29,0
DA:32,0
DA:38,0
DA:52,0
DA:57,1
DA:58,0
DA:59,0
DA:61,0
DA:62,0
DA:63,0
DA:66,0
DA:68,0
DA:73,0
DA:75,0
DA:81,0
DA:86,0
DA:90,1
LF:35
LH:12
BRDA:21,0,0,0
BRDA:21,0,1,0
BRDA:28,1,0,0
BRDA:28,1,1,0
BRDA:62,2,0,0
BRDA:62,2,1,0
BRF:6
BRH:0
end_of_record
TN:
SF:src/modules/kyc/kyc.controller.js
FN:29,(anonymous_0)
FN:76,(anonymous_1)
FNF:2
FNH:0
FNDA:0,(anonymous_0)
FNDA:0,(anonymous_1)
DA:6,1
DA:7,1
DA:8,1
DA:9,1
DA:10,1
DA:29,1
DA:30,0
DA:31,0
DA:32,0
DA:34,0
DA:35,0
DA:76,1
DA:77,0
DA:78,0
DA:79,0
DA:81,0
DA:82,0
DA:86,1
LF:18
LH:8
BRF:0
BRH:0
end_of_record
TN:
SF:src/modules/kyc/kyc.model.js
FNF:0
FNH:0
DA:7,1
DA:16,1
DA:34,1
LF:3
LH:3
BRF:0
BRH:0
end_of_record
TN:
SF:src/modules/kyc/kyc.service.js
FN:14,(anonymous_0)
FN:47,(anonymous_1)
FN:116,(anonymous_2)
FN:140,(anonymous_3)
FN:156,(anonymous_4)
FNF:5
FNH:0
FNDA:0,(anonymous_0)
FNDA:0,(anonymous_1)
FNDA:0,(anonymous_2)
FNDA:0,(anonymous_3)
FNDA:0,(anonymous_4)
DA:6,1
DA:7,1
DA:14,1
DA:16,0
DA:33,0
DA:38,0
DA:47,1
DA:49,0
DA:62,0
DA:63,0
DA:71,0
DA:72,0
DA:73,0
DA:76,0
DA:79,0
DA:80,0
DA:81,0
DA:83,0
DA:84,0
DA:86,0
DA:87,0
DA:90,0
DA:91,0
DA:93,0
DA:94,0
DA:96,0
DA:100,0
DA:116,1
DA:118,0
DA:127,0
DA:132,0
DA:140,1
DA:141,0
DA:146,0
DA:156,1
DA:157,0
DA:165,0
DA:168,1
LF:38
LH:8
BRDA:62,0,0,0
BRDA:62,0,1,0
BRDA:72,1,0,0
BRDA:72,1,1,0
BRDA:73,2,0,0
BRDA:73,2,1,0
BRDA:80,3,0,0
BRDA:80,3,1,0
BRDA:81,4,0,0
BRDA:81,4,1,0
BRDA:81,4,2,0
BRDA:81,4,3,0
BRDA:81,4,4,0
BRDA:81,4,5,0
BRDA:93,5,0,0
BRDA:93,5,1,0
BRDA:146,6,0,0
BRDA:146,6,1,0
BRF:18
BRH:0
end_of_record
TN:
SF:src/modules/kyc/providers/mock.provider.js
FN:16,(anonymous_0)
FN:28,(anonymous_1)
FN:42,(anonymous_2)
FN:52,(anonymous_3)
FN:65,(anonymous_4)
FN:79,(anonymous_5)
FNF:6
FNH:0
FNDA:0,(anonymous_0)
FNDA:0,(anonymous_1)
FNDA:0,(anonymous_2)
FNDA:0,(anonymous_3)
FNDA:0,(anonymous_4)
FNDA:0,(anonymous_5)
DA:8,0
DA:17,0
DA:29,0
DA:43,0
DA:53,0
DA:66,0
DA:80,0
DA:89,0
LF:8
LH:0
BRDA:55,0,0,0
BRDA:55,0,1,0
BRDA:56,1,0,0
BRDA:56,1,1,0
BRDA:79,2,0,0
BRF:5
BRH:0
end_of_record
TN:
SF:src/modules/merchant/routes.js
FN:54,(anonymous_0)
FN:101,(anonymous_1)
FN:164,(anonymous_2)
FN:225,(anonymous_3)
FNF:4
FNH:0
FNDA:0,(anonymous_0)
FNDA:0,(anonymous_1)
FNDA:0,(anonymous_2)
FNDA:0,(anonymous_3)
DA:1,1
DA:2,1
DA:3,1
DA:4,1
DA:5,1
DA:6,1
DA:54,1
DA:55,0
DA:57,0
DA:58,0
DA:59,0
DA:62,0
DA:63,0
DA:65,0
DA:101,1
DA:102,0
DA:103,0
DA:105,0
DA:106,0
DA:109,0
DA:111,0
DA:164,1
DA:165,0
DA:166,0
DA:169,0
DA:170,0
DA:171,0
DA:174,0
DA:175,0
DA:177,0
DA:178,0
DA:180,0
DA:225,1
DA:226,0
DA:227,0
DA:229,0
DA:230,0
DA:234,0
DA:241,0
DA:243,0
DA:247,1
LF:41
LH:11
BRDA:58,0,0,0
BRDA:58,0,1,0
BRDA:105,1,0,0
BRDA:105,1,1,0
BRDA:170,2,0,0
BRDA:170,2,1,0
BRDA:170,3,0,0
BRDA:170,3,1,0
BRDA:177,4,0,0
BRDA:177,4,1,0
BRDA:229,5,0,0
BRDA:229,5,1,0
BRF:12
BRH:0
end_of_record
TN:
SF:src/modules/onboarding/routes.js
FN:80,(anonymous_0)
FN:135,(anonymous_1)
FN:213,(anonymous_2)
FN:287,(anonymous_3)
FN:331,(anonymous_4)
FN:391,(anonymous_5)
FN:443,(anonymous_6)
FN:513,(anonymous_7)
FN:573,(anonymous_8)
FN:634,(anonymous_9)
FN:691,(anonymous_10)
FNF:11
FNH:0
FNDA:0,(anonymous_0)
FNDA:0,(anonymous_1)
FNDA:0,(anonymous_2)
FNDA:0,(anonymous_3)
FNDA:0,(anonymous_4)
FNDA:0,(anonymous_5)
FNDA:0,(anonymous_6)
FNDA:0,(anonymous_7)
FNDA:0,(anonymous_8)
FNDA:0,(anonymous_9)
FNDA:0,(anonymous_10)
DA:1,1
DA:2,1
DA:3,1
DA:4,1
DA:9,1
DA:10,1
DA:11,1
DA:12,1
DA:13,1
DA:14,1
DA:75,1
DA:81,0
DA:82,0
DA:83,0
DA:85,0
DA:135,1
DA:136,0
DA:137,0
DA:138,0
DA:139,0
DA:140,0
DA:142,0
DA:149,0
DA:213,1
DA:214,0
DA:215,0
DA:216,0
DA:218,0
DA:282,1
DA:288,0
DA:289,0
DA:290,0
DA:292,0
DA:331,1
DA:332,0
DA:333,0
DA:334,0
DA:336,0
DA:387,1
DA:392,0
DA:393,0
DA:394,0
DA:396,0
DA:397,0
DA:399,0
DA:439,1
DA:444,0
DA:445,0
DA:446,0
DA:448,0
DA:449,0
DA:451,0
DA:508,1
DA:514,0
DA:515,0
DA:520,0
DA:522,0
DA:573,1
DA:574,0
DA:575,0
DA:579,0
DA:580,0
DA:582,0
DA:630,1
DA:635,0
DA:636,0
DA:637,0
DA:639,0
DA:687,1
DA:692,0
DA:693,0
DA:698,0
DA:699,0
DA:710,0
DA:712,0
DA:717,1
LF:76
LH:22
BRDA:396,0,0,0
BRDA:396,0,1,0
BRDA:448,1,0,0
BRDA:448,1,1,0
BRDA:698,2,0,0
BRDA:698,2,1,0
BRF:6
BRH:0
end_of_record
TN:
SF:src/modules/transactions/routes.js
FN:17,(anonymous_0)
FN:121,(anonymous_1)
FN:178,(anonymous_2)
FN:221,(anonymous_3)
FNF:4
FNH:0
FNDA:0,(anonymous_0)
FNDA:0,(anonymous_1)
FNDA:0,(anonymous_2)
FNDA:0,(anonymous_3)
DA:6,1
DA:7,1
DA:8,1
DA:9,1
DA:10,1
DA:11,1
DA:12,1
DA:17,1
DA:18,0
DA:19,0
DA:22,0
DA:23,0
DA:24,0
DA:25,0
DA:26,0
DA:27,0
DA:31,0
DA:32,0
DA:33,0
DA:34,0
DA:38,0
DA:39,0
DA:42,0
DA:43,0
DA:46,0
DA:116,1
DA:122,0
DA:123,0
DA:125,0
DA:134,0
DA:136,0
DA:137,0
DA:178,1
DA:179,0
DA:180,0
DA:182,0
DA:192,0
DA:194,0
DA:195,0
DA:221,1
DA:222,0
DA:223,0
DA:225,0
DA:227,0
DA:228,0
DA:238,0
DA:239,0
DA:248,0
DA:250,0
DA:251,0
DA:255,1
LF:51
LH:12
BRDA:22,0,0,0
BRDA:22,0,1,0
BRDA:22,1,0,0
BRDA:22,1,1,0
BRDA:24,2,0,0
BRDA:24,2,1,0
BRDA:24,3,0,0
BRDA:24,3,1,0
BRDA:26,4,0,0
BRDA:26,4,1,0
BRDA:31,5,0,0
BRDA:31,5,1,0
BRDA:33,6,0,0
BRDA:33,6,1,0
BRDA:38,7,0,0
BRDA:38,7,1,0
BRDA:38,8,0,0
BRDA:38,8,1,0
BRDA:42,9,0,0
BRDA:42,9,1,0
BRDA:129,10,0,0
BRDA:129,10,1,0
BRDA:130,11,0,0
BRDA:130,11,1,0
BRDA:131,12,0,0
BRDA:131,12,1,0
BRDA:187,13,0,0
BRDA:187,13,1,0
BRDA:188,14,0,0
BRDA:188,14,1,0
BRDA:227,15,0,0
BRDA:227,15,1,0
BRDA:238,16,0,0
BRDA:238,16,1,0
BRDA:238,17,0,0
BRDA:238,17,1,0
BRF:36
BRH:0
end_of_record
TN:
SF:src/modules/users/routes.js
FN:7,(anonymous_0)
FN:12,(anonymous_1)
FNF:2
FNH:0
FNDA:0,(anonymous_0)
FNDA:0,(anonymous_1)
DA:1,1
DA:2,1
DA:3,1
DA:4,1
DA:7,1
DA:8,0
DA:12,1
DA:13,0
DA:14,0
DA:15,0
DA:18,0
DA:19,0
DA:24,0
DA:25,0
DA:28,0
DA:30,0
DA:34,1
LF:17
LH:7
BRDA:14,0,0,0
BRDA:14,0,1,0
BRDA:24,1,0,0
BRDA:24,1,1,0
BRF:4
BRH:0
end_of_record
TN:
SF:src/modules/webhooks/dev.routes.js
FN:14,(anonymous_0)
FN:37,(anonymous_1)
FN:81,(anonymous_2)
FN:111,(anonymous_3)
FN:132,buildSimulatedPayload
FNF:5
FNH:0
FNDA:0,(anonymous_0)
FNDA:0,(anonymous_1)
FNDA:0,(anonymous_2)
FNDA:0,(anonymous_3)
FNDA:0,buildSimulatedPayload
DA:7,1
DA:8,1
DA:9,1
DA:10,1
DA:11,1
DA:14,1
DA:15,0
DA:16,0
DA:24,0
DA:37,1
DA:38,0
DA:39,0
DA:41,0
DA:42,0
DA:45,0
DA:46,0
DA:47,0
DA:51,0
DA:58,0
DA:61,0
DA:63,0
DA:71,0
DA:72,0
DA:81,1
DA:82,0
DA:83,0
DA:85,0
DA:86,0
DA:90,0
DA:93,0
DA:95,0
DA:102,0
DA:103,0
DA:111,1
DA:112,0
DA:119,0
DA:133,0
DA:135,0
DA:143,0
DA:145,0
DA:158,0
DA:171,0
DA:184,0
DA:192,0
DA:196,1
LF:45
LH:10
BRDA:15,0,0,0
BRDA:15,0,1,0
BRDA:41,1,0,0
BRDA:41,1,1,0
BRDA:46,2,0,0
BRDA:46,2,1,0
BRDA:53,3,0,0
BRDA:53,3,1,0
BRDA:83,4,0,0
BRDA:85,5,0,0
BRDA:85,5,1,0
BRDA:132,6,0,0
BRDA:133,7,0,0
BRDA:136,8,0,0
BRDA:136,8,1,0
BRDA:139,9,0,0
BRDA:139,9,1,0
BRDA:143,10,0,0
BRDA:143,10,1,0
BRDA:143,10,2,0
BRDA:143,10,3,0
BRDA:143,10,4,0
BRF:22
BRH:0
end_of_record
TN:
SF:src/modules/webhooks/event.store.js
FN:25,(anonymous_0)
FN:74,(anonymous_1)
FN:88,(anonymous_2)
FNF:3
FNH:0
FNDA:0,(anonymous_0)
FNDA:0,(anonymous_1)
FNDA:0,(anonymous_2)
DA:9,0
DA:25,0
DA:34,0
DA:57,0
DA:59,0
DA:60,0
DA:68,0
DA:74,0
DA:75,0
DA:82,0
DA:88,0
DA:89,0
DA:93,0
DA:96,0
LF:14
LH:0
BRDA:59,0,0,0
BRDA:59,0,1,0
BRDA:74,1,0,0
BRDA:93,2,0,0
BRDA:93,2,1,0
BRF:5
BRH:0
end_of_record
TN:
SF:src/modules/webhooks/idempotency.js
FN:22,(anonymous_0)
FN:59,(anonymous_1)
FN:80,(anonymous_2)
FNF:3
FNH:3
FNDA:5,(anonymous_0)
FNDA:2,(anonymous_1)
FNDA:2,(anonymous_2)
DA:12,2
DA:13,2
DA:22,2
DA:29,5
DA:32,5
DA:40,5
DA:43,5
DA:50,5
DA:59,2
DA:60,2
DA:67,2
DA:68,1
DA:71,1
DA:80,2
DA:81,2
DA:82,2
DA:84,2
DA:85,1
DA:86,1
DA:93,1
DA:100,1
DA:107,2
LF:22
LH:22
BRDA:33,0,0,5
BRDA:33,0,1,0
BRDA:34,1,0,5
BRDA:34,1,1,0
BRDA:35,2,0,5
BRDA:35,2,1,0
BRDA:36,3,0,5
BRDA:36,3,1,5
BRDA:37,4,0,5
BRDA:37,4,1,3
BRDA:50,5,0,5
BRDA:50,5,1,0
BRDA:67,6,0,1
BRDA:67,6,1,1
BRDA:84,7,0,1
BRDA:84,7,1,1
BRDA:85,8,0,1
BRDA:85,8,1,0
BRF:18
BRH:13
end_of_record
TN:
SF:src/modules/webhooks/kyc.state.service.js
FN:20,(anonymous_0)
FN:58,(anonymous_1)
FN:113,(anonymous_2)
FN:148,(anonymous_3)
FNF:4
FNH:1
FNDA:7,(anonymous_0)
FNDA:0,(anonymous_1)
FNDA:0,(anonymous_2)
FNDA:0,(anonymous_3)
DA:9,1
DA:10,1
DA:11,1
DA:12,1
DA:20,1
DA:21,7
DA:23,3
DA:31,1
DA:40,2
DA:48,1
DA:58,1
DA:59,0
DA:62,0
DA:64,0
DA:65,0
DA:66,0
DA:68,0
DA:72,0
DA:90,0
DA:91,0
DA:94,0
DA:97,0
DA:99,0
DA:100,0
DA:107,0
DA:113,1
DA:116,0
DA:118,0
DA:119,0
DA:121,0
DA:122,0
DA:125,0
DA:126,0
DA:128,0
DA:131,0
DA:148,1
DA:149,0
DA:155,0
DA:156,0
DA:159,0
DA:162,1
LF:41
LH:14
BRDA:20,0,0,6
BRDA:21,1,0,3
BRDA:21,1,1,1
BRDA:21,1,2,1
BRDA:21,1,3,2
BRDA:21,1,4,1
BRDA:64,2,0,0
BRDA:64,2,1,0
BRDA:65,3,0,0
BRDA:65,3,1,0
BRDA:90,4,0,0
BRDA:90,4,1,0
BRDA:99,5,0,0
BRDA:99,5,1,0
BRDA:116,6,0,0
BRDA:116,6,1,0
BRDA:116,6,2,0
BRDA:116,6,3,0
BRDA:116,6,4,0
BRDA:155,7,0,0
BRDA:155,7,1,0
BRF:21
BRH:6
end_of_record
TN:
SF:src/modules/webhooks/payload.parser.js
FN:32,(anonymous_0)
FN:85,(anonymous_1)
FNF:2
FNH:2
FNDA:3,(anonymous_0)
FNDA:3,(anonymous_1)
DA:6,3
DA:11,3
DA:21,3
DA:32,3
DA:39,3
DA:42,3
DA:43,3
DA:44,3
DA:47,3
DA:48,3
DA:49,1
DA:50,1
DA:51,0
DA:55,3
DA:85,3
DA:86,3
DA:88,3
DA:92,0
DA:108,3
LF:19
LH:17
BRDA:42,0,0,3
BRDA:42,0,1,1
BRDA:43,1,0,3
BRDA:43,1,1,2
BRDA:44,2,0,3
BRDA:44,2,1,3
BRDA:48,3,0,1
BRDA:48,3,1,2
BRDA:48,4,0,3
BRDA:48,4,1,1
BRDA:50,5,0,0
BRDA:50,5,1,1
BRDA:58,6,0,3
BRDA:58,6,1,0
BRDA:59,7,0,3
BRDA:59,7,1,2
BRDA:62,8,0,3
BRDA:62,8,1,0
BRDA:66,9,0,2
BRDA:66,9,1,1
BRDA:66,10,0,2
BRDA:66,10,1,0
BRDA:68,11,0,3
BRDA:68,11,1,1
BRDA:86,12,0,3
BRDA:86,12,1,0
BRDA:97,13,0,0
BRDA:97,13,1,0
BRF:28
BRH:21
end_of_record
TN:
SF:src/modules/webhooks/user.lookup.js
FN:18,(anonymous_0)
FN:87,(anonymous_1)
FN:122,(anonymous_2)
FNF:3
FNH:2
FNDA:3,(anonymous_0)
FNDA:0,(anonymous_1)
FNDA:1,(anonymous_2)
DA:6,2
DA:7,2
DA:8,2
DA:11,2
DA:18,2
DA:19,3
DA:22,3
DA:23,0
DA:28,0
DA:36,3
DA:37,1
DA:42,1
DA:43,1
DA:52,2
DA:53,2
DA:58,2
DA:59,1
DA:68,1
DA:75,1
DA:87,2
DA:88,0
DA:90,0
DA:91,0
DA:95,0
DA:106,0
DA:107,0
DA:113,0
DA:116,0
DA:122,2
DA:123,1
DA:129,1
DA:130,1
DA:134,2
LF:33
LH:23
BRDA:22,0,0,0
BRDA:22,0,1,3
BRDA:22,1,0,3
BRDA:22,1,1,0
BRDA:36,2,0,1
BRDA:36,2,1,2
BRDA:36,3,0,3
BRDA:36,3,1,1
BRDA:42,4,0,1
BRDA:42,4,1,0
BRDA:52,5,0,2
BRDA:52,5,1,0
BRDA:58,6,0,1
BRDA:58,6,1,1
BRDA:90,7,0,0
BRDA:90,7,1,0
BRDA:106,8,0,0
BRDA:106,8,1,0
BRDA:129,9,0,1
BRDA:129,9,1,0
BRF:20
BRH:11
end_of_record
TN:
SF:src/modules/webhooks/webhook.controller.js
FN:19,(anonymous_0)
FN:48,(anonymous_1)
FNF:2
FNH:0
FNDA:0,(anonymous_0)
FNDA:0,(anonymous_1)
DA:6,1
DA:7,1
DA:8,1
DA:9,1
DA:10,1
DA:11,1
DA:12,1
DA:19,1
DA:20,0
DA:22,0
DA:23,0
DA:27,0
DA:28,0
DA:29,0
DA:30,0
DA:33,0
DA:34,0
DA:38,0
DA:48,1
DA:49,0
DA:50,0
DA:52,0
DA:54,0
DA:55,0
DA:60,0
DA:65,0
DA:66,0
DA:67,0
DA:77,0
DA:82,0
DA:84,0
DA:85,0
DA:86,0
DA:96,0
DA:97,0
DA:99,0
DA:100,0
DA:102,0
DA:108,0
DA:117,0
DA:118,0
DA:120,0
DA:121,0
DA:123,0
DA:124,0
DA:127,0
DA:128,0
DA:132,0
DA:140,0
DA:142,0
DA:143,0
DA:153,1
LF:52
LH:10
BRDA:22,0,0,0
BRDA:22,0,1,0
BRDA:28,1,0,0
BRDA:28,1,1,0
BRDA:33,2,0,0
BRDA:33,2,1,0
BRDA:65,3,0,0
BRDA:65,3,1,0
BRDA:84,4,0,0
BRDA:84,4,1,0
BRDA:99,5,0,0
BRDA:99,5,1,0
BRDA:117,6,0,0
BRDA:117,6,1,0
BRDA:117,7,0,0
BRDA:117,7,1,0
BRDA:118,8,0,0
BRDA:118,8,1,0
BRDA:118,8,2,0
BRDA:118,8,3,0
BRF:20
BRH:0
end_of_record
TN:
SF:src/modules/webhooks/webhook.logger.js
FN:43,(anonymous_0)
FN:67,(anonymous_1)
FN:77,(anonymous_2)
FN:89,(anonymous_3)
FN:96,(anonymous_4)
FN:102,(anonymous_5)
FN:108,(anonymous_6)
FN:115,(anonymous_7)
FN:121,(anonymous_8)
FN:129,(anonymous_9)
FN:138,(anonymous_10)
FN:146,(anonymous_11)
FN:153,(anonymous_12)
FNF:13
FNH:0
FNDA:0,(anonymous_0)
FNDA:0,(anonymous_1)
FNDA:0,(anonymous_2)
FNDA:0,(anonymous_3)
FNDA:0,(anonymous_4)
FNDA:0,(anonymous_5)
FNDA:0,(anonymous_6)
FNDA:0,(anonymous_7)
FNDA:0,(anonymous_8)
FNDA:0,(anonymous_9)
FNDA:0,(anonymous_10)
FNDA:0,(anonymous_11)
FNDA:0,(anonymous_12)
DA:8,1
DA:11,1
DA:33,1
DA:43,1
DA:45,0
DA:47,0
DA:48,0
DA:55,0
DA:56,0
DA:60,0
DA:67,1
DA:68,0
DA:73,0
DA:75,0
DA:76,0
DA:77,0
DA:78,0
DA:82,0
DA:89,1
DA:90,0
DA:96,1
DA:97,0
DA:102,1
DA:103,0
DA:108,1
DA:109,0
DA:115,1
DA:116,0
DA:121,1
DA:122,0
DA:129,1
DA:130,0
DA:138,1
DA:139,0
DA:146,1
DA:147,0
DA:153,1
DA:154,0
DA:160,1
LF:39
LH:16
BRDA:43,0,0,0
BRDA:43,1,0,0
BRDA:55,2,0,0
BRDA:55,2,1,0
BRDA:56,3,0,0
BRDA:56,3,1,0
BRDA:77,4,0,0
BRDA:77,4,1,0
BRDA:156,5,0,0
BRDA:156,5,1,0
BRF:10
BRH:0
end_of_record
TN:
SF:src/modules/webhooks/webhook.processor.js
FN:22,(anonymous_0)
FN:27,(anonymous_1)
FN:125,(anonymous_2)
FN:157,(anonymous_3)
FNF:4
FNH:0
FNDA:0,(anonymous_0)
FNDA:0,(anonymous_1)
FNDA:0,(anonymous_2)
FNDA:0,(anonymous_3)
DA:9,1
DA:10,1
DA:22,1
DA:27,0
DA:31,0
DA:47,0
DA:52,0
DA:53,0
DA:55,0
DA:56,0
DA:58,0
DA:59,0
DA:76,0
DA:83,0
DA:84,0
DA:85,0
DA:105,0
DA:106,0
DA:114,0
DA:125,1
DA:126,0
DA:128,0
DA:135,0
DA:143,0
DA:150,0
DA:157,1
DA:158,0
DA:160,0
DA:162,0
DA:165,0
DA:167,0
DA:171,1
LF:32
LH:6
BRDA:55,0,0,0
BRDA:55,0,1,0
BRDA:55,1,0,0
BRDA:55,1,1,0
BRDA:58,2,0,0
BRDA:58,2,1,0
BRDA:84,3,0,0
BRDA:84,3,1,0
BRDA:105,4,0,0
BRDA:105,4,1,0
BRDA:126,5,0,0
BRDA:126,5,1,0
BRDA:126,5,2,0
BRDA:126,5,3,0
BRDA:126,5,4,0
BRDA:158,6,0,0
BRDA:158,6,1,0
BRDA:158,6,2,0
BRDA:158,6,3,0
BRDA:158,6,4,0
BRF:20
BRH:0
end_of_record
TN:
SF:src/modules/webhooks/webhook.routes.js
FNF:0
FNH:0
DA:6,1
DA:7,1
DA:8,1
DA:15,1
DA:17,1
LF:5
LH:5
BRF:0
BRH:0
end_of_record
TN:
SF:src/routes/api.js
FN:4,(anonymous_0)
FNF:1
FNH:0
FNDA:0,(anonymous_0)
DA:1,0
DA:2,0
DA:4,0
DA:5,0
DA:11,0
LF:5
LH:0
BRF:0
BRH:0
end_of_record
TN:
SF:src/routes/auth.js
FN:10,(anonymous_0)
FN:55,(anonymous_1)
FNF:2
FNH:0
FNDA:0,(anonymous_0)
FNDA:0,(anonymous_1)
DA:1,0
DA:2,0
DA:3,0
DA:4,0
DA:5,0
DA:6,0
DA:7,0
DA:10,0
DA:11,0
DA:12,0
DA:15,0
DA:20,0
DA:21,0
DA:24,0
DA:27,0
DA:28,0
DA:29,0
DA:33,0
DA:39,0
DA:50,0
DA:55,0
DA:56,0
DA:57,0
DA:60,0
DA:61,0
DA:62,0
DA:66,0
DA:69,0
DA:74,0
DA:77,0
DA:83,0
DA:85,0
DA:89,0
LF:33
LH:0
BRDA:20,0,0,0
BRDA:20,0,1,0
BRDA:28,1,0,0
BRDA:28,1,1,0
BRDA:61,2,0,0
BRDA:61,2,1,0
BRF:6
BRH:0
end_of_record
TN:
SF:src/routes/health.js
FN:5,(anonymous_0)
FNF:1
FNH:0
FNDA:0,(anonymous_0)
DA:1,1
DA:2,1
DA:3,1
DA:5,1
DA:6,0
DA:8,0
DA:9,0
DA:10,0
DA:12,0
DA:15,0
DA:21,1
LF:11
LH:5
BRF:0
BRH:0
end_of_record
TN:
SF:src/routes/me.js
FN:6,(anonymous_0)
FNF:1
FNH:0
FNDA:0,(anonymous_0)
DA:1,0
DA:2,0
DA:3,0
DA:6,0
DA:7,0
DA:10,0
LF:6
LH:0
BRF:0
BRH:0
end_of_record
TN:
SF:src/routes/merchant.js
FN:6,(anonymous_0)
FNF:1
FNH:0
FNDA:0,(anonymous_0)
DA:1,0
DA:2,0
DA:3,0
DA:6,0
DA:7,0
DA:8,0
DA:10,0
DA:15,0
DA:16,0
DA:19,0
DA:21,0
DA:25,0
LF:12
LH:0
BRDA:15,0,0,0
BRDA:15,0,1,0
BRF:2
BRH:0
end_of_record
TN:
SF:src/routes/onboarding.js
FN:8,(anonymous_0)
FN:40,(anonymous_1)
FN:99,(anonymous_2)
FNF:3
FNH:0
FNDA:0,(anonymous_0)
FNDA:0,(anonymous_1)
FNDA:0,(anonymous_2)
DA:1,0
DA:2,0
DA:3,0
DA:4,0
DA:5,0
DA:8,0
DA:9,0
DA:10,0
DA:13,0
DA:14,0
DA:20,0
DA:25,0
DA:27,0
DA:33,0
DA:35,0
DA:40,0
DA:41,0
DA:42,0
DA:43,0
DA:46,0
DA:47,0
DA:51,0
DA:54,0
DA:60,0
DA:67,0
DA:73,0
DA:75,0
DA:79,0
DA:82,0
DA:86,0
DA:89,0
DA:94,0
DA:99,0
DA:100,0
DA:101,0
DA:102,0
DA:105,0
DA:106,0
DA:113,0
DA:118,0
DA:119,0
DA:123,0
DA:124,0
DA:125,0
DA:126,0
DA:127,0
DA:130,0
DA:141,0
DA:143,0
DA:147,0
LF:50
LH:0
BRDA:13,0,0,0
BRDA:13,0,1,0
BRDA:25,1,0,0
BRDA:25,1,1,0
BRDA:46,2,0,0
BRDA:46,2,1,0
BRDA:49,3,0,0
BRDA:49,3,1,0
BRDA:62,4,0,0
BRDA:62,4,1,0
BRDA:73,5,0,0
BRDA:73,5,1,0
BRDA:77,6,0,0
BRDA:77,6,1,0
BRDA:84,7,0,0
BRDA:84,7,1,0
BRDA:105,8,0,0
BRDA:105,8,1,0
BRDA:108,9,0,0
BRDA:108,9,1,0
BRDA:118,10,0,0
BRDA:118,10,1,0
BRDA:125,11,0,0
BRDA:125,11,1,0
BRDA:125,12,0,0
BRDA:125,12,1,0
BRF:26
BRH:0
end_of_record
TN:
SF:src/services/auditService.js
FN:45,(anonymous_0)
FN:91,(anonymous_1)
FN:137,(anonymous_2)
FN:164,(anonymous_3)
FN:181,(anonymous_4)
FNF:5
FNH:3
FNDA:8,(anonymous_0)
FNDA:8,(anonymous_1)
FNDA:1,(anonymous_2)
FNDA:0,(anonymous_3)
FNDA:0,(anonymous_4)
DA:6,3
DA:9,3
DA:45,3
DA:55,8
DA:57,8
DA:60,8
DA:73,8
DA:74,8
DA:78,8
DA:80,8
DA:83,0
DA:84,0
DA:91,3
DA:92,8
DA:94,8
DA:101,8
DA:103,8
DA:106,0
DA:124,0
DA:127,0
DA:128,0
DA:130,0
DA:137,3
DA:138,1
DA:140,1
DA:141,1
DA:142,1
DA:144,1
DA:145,0
DA:146,0
DA:147,0
DA:150,1
DA:151,1
DA:153,1
DA:154,1
DA:155,1
DA:157,0
DA:164,3
DA:165,0
DA:167,0
DA:168,0
DA:172,0
DA:174,0
DA:181,3
DA:182,0
DA:192,3
LF:46
LH:29
BRDA:48,0,0,0
BRDA:49,1,0,0
BRDA:50,2,0,7
BRDA:51,3,0,7
BRDA:52,4,0,0
BRDA:53,5,0,8
BRDA:54,6,0,8
BRDA:73,7,0,8
BRDA:73,7,1,0
BRDA:101,8,0,8
BRDA:101,8,1,0
BRDA:127,9,0,0
BRDA:127,9,1,0
BRDA:137,10,0,0
BRDA:138,11,0,0
BRDA:138,12,0,1
BRDA:138,13,0,1
BRDA:144,14,0,0
BRDA:144,14,1,1
BRDA:164,15,0,0
BRDA:165,16,0,0
BRDA:165,17,0,0
BRDA:181,18,0,0
BRDA:185,19,0,0
BRDA:185,19,1,0
BRDA:187,20,0,0
BRDA:187,20,1,0
BRF:27
BRH:9
end_of_record
TN:
SF:src/services/documentService.js
FN:16,(anonymous_0)
FN:60,(anonymous_1)
FN:96,(anonymous_2)
FN:112,(anonymous_3)
FN:139,(anonymous_4)
FN:157,(anonymous_5)
FN:180,(anonymous_6)
FN:201,(anonymous_7)
FNF:8
FNH:0
FNDA:0,(anonymous_0)
FNDA:0,(anonymous_1)
FNDA:0,(anonymous_2)
FNDA:0,(anonymous_3)
FNDA:0,(anonymous_4)
FNDA:0,(anonymous_5)
FNDA:0,(anonymous_6)
FNDA:0,(anonymous_7)
DA:6,1
DA:7,1
DA:16,1
DA:25,0
DA:27,0
DA:49,0
DA:51,0
DA:60,1
DA:61,0
DA:62,0
DA:63,0
DA:66,0
DA:67,0
DA:68,0
DA:69,0
DA:72,0
DA:73,0
DA:74,0
DA:75,0
DA:78,0
DA:79,0
DA:80,0
DA:81,0
DA:84,0
DA:86,0
DA:87,0
DA:96,1
DA:97,0
DA:102,0
DA:112,1
DA:113,0
DA:114,0
DA:117,0
DA:126,0
DA:127,0
DA:130,0
DA:139,1
DA:140,0
DA:145,0
DA:146,0
DA:149,0
DA:157,1
DA:158,0
DA:166,0
DA:167,0
DA:168,0
DA:171,0
DA:180,1
DA:181,0
DA:182,0
DA:184,0
DA:185,0
DA:186,0
DA:190,0
DA:201,1
DA:203,0
DA:205,0
DA:206,0
DA:208,0
DA:209,0
DA:211,0
DA:222,1
LF:62
LH:11
BRDA:36,0,0,0
BRDA:36,0,1,0
BRDA:39,1,0,0
BRDA:39,1,1,0
BRDA:40,2,0,0
BRDA:40,2,1,0
BRDA:41,3,0,0
BRDA:41,3,1,0
BRDA:42,4,0,0
BRDA:42,4,1,0
BRDA:60,5,0,0
BRDA:66,6,0,0
BRDA:66,6,1,0
BRDA:72,7,0,0
BRDA:72,7,1,0
BRDA:78,8,0,0
BRDA:78,8,1,0
BRDA:102,9,0,0
BRDA:102,9,1,0
BRDA:112,10,0,0
BRDA:113,11,0,0
BRDA:113,11,1,0
BRDA:126,12,0,0
BRDA:126,12,1,0
BRDA:145,13,0,0
BRDA:145,13,1,0
BRDA:185,14,0,0
BRDA:185,14,1,0
BRDA:185,15,0,0
BRDA:185,15,1,0
BRDA:206,16,0,0
BRDA:206,16,1,0
BRDA:208,17,0,0
BRDA:208,17,1,0
BRF:34
BRH:0
end_of_record
TN:
SF:src/services/merchantService.js
FN:15,(anonymous_0)
FN:68,(anonymous_1)
FN:118,(anonymous_2)
FN:132,(anonymous_3)
FN:149,(anonymous_4)
FNF:5
FNH:5
FNDA:1,(anonymous_0)
FNDA:2,(anonymous_1)
FNDA:2,(anonymous_2)
FNDA:2,(anonymous_3)
FNDA:2,(anonymous_4)
DA:6,2
DA:7,2
DA:15,2
DA:23,1
DA:25,1
DA:54,1
DA:59,1
DA:68,2
DA:69,2
DA:81,2
DA:82,2
DA:83,2
DA:85,2
DA:86,18
DA:87,2
DA:88,2
DA:89,2
DA:93,2
DA:95,0
DA:98,2
DA:99,2
DA:101,2
DA:106,2
DA:107,1
DA:110,1
DA:118,2
DA:119,2
DA:124,2
DA:132,2
DA:133,2
DA:140,2
DA:149,2
DA:150,2
DA:151,1
DA:154,1
DA:159,1
DA:160,0
DA:163,1
DA:166,2
LF:39
LH:37
BRDA:44,0,0,1
BRDA:44,0,1,1
BRDA:47,1,0,1
BRDA:47,1,1,1
BRDA:48,2,0,1
BRDA:48,2,1,1
BRDA:86,3,0,2
BRDA:86,3,1,16
BRDA:93,4,0,0
BRDA:93,4,1,2
BRDA:106,5,0,1
BRDA:106,5,1,1
BRDA:124,6,0,2
BRDA:124,6,1,1
BRDA:140,7,0,2
BRDA:140,7,1,1
BRDA:150,8,0,1
BRDA:150,8,1,1
BRDA:159,9,0,0
BRDA:159,9,1,1
BRF:20
BRH:18
end_of_record
TN:
SF:src/services/onboardingService.js
FN:15,(anonymous_0)
FN:86,(anonymous_1)
FN:131,(anonymous_2)
FN:181,(anonymous_3)
FN:199,(anonymous_4)
FN:213,(anonymous_5)
FN:239,(anonymous_6)
FN:276,(anonymous_7)
FN:319,(anonymous_8)
FNF:9
FNH:0
FNDA:0,(anonymous_0)
FNDA:0,(anonymous_1)
FNDA:0,(anonymous_2)
FNDA:0,(anonymous_3)
FNDA:0,(anonymous_4)
FNDA:0,(anonymous_5)
FNDA:0,(anonymous_6)
FNDA:0,(anonymous_7)
FNDA:0,(anonymous_8)
DA:6,1
DA:7,1
DA:15,1
DA:21,0
DA:24,0
DA:35,0
DA:36,0
DA:40,0
DA:41,0
DA:42,0
DA:68,0
DA:72,0
DA:74,0
DA:86,1
DA:97,0
DA:99,0
DA:120,0
DA:122,0
DA:131,1
DA:132,0
DA:144,0
DA:145,0
DA:146,0
DA:148,0
DA:149,0
DA:150,0
DA:151,0
DA:152,0
DA:156,0
DA:157,0
DA:160,0
DA:161,0
DA:163,0
DA:168,0
DA:169,0
DA:172,0
DA:181,1
DA:182,0
DA:187,0
DA:188,0
DA:191,0
DA:199,1
DA:200,0
DA:205,0
DA:213,1
DA:215,0
DA:220,0
DA:222,0
DA:230,0
DA:239,1
DA:240,0
DA:241,0
DA:243,0
DA:244,0
DA:248,0
DA:249,0
DA:252,0
DA:253,0
DA:254,0
DA:256,0
DA:268,0
DA:276,1
DA:278,0
DA:279,0
DA:280,0
DA:284,0
DA:292,0
DA:298,0
DA:308,0
DA:319,1
DA:320,0
DA:323,0
DA:329,0
DA:330,0
DA:331,0
DA:334,0
DA:335,0
DA:336,0
DA:337,0
DA:338,0
DA:341,0
DA:345,0
DA:346,0
DA:350,0
DA:351,0
DA:355,0
DA:356,0
DA:361,0
DA:365,0
DA:366,0
DA:369,0
DA:372,1
LF:92
LH:12
BRDA:35,0,0,0
BRDA:35,0,1,0
BRDA:41,1,0,0
BRDA:41,1,1,0
BRDA:60,2,0,0
BRDA:60,2,1,0
BRDA:62,3,0,0
BRDA:62,3,1,0
BRDA:65,4,0,0
BRDA:65,4,1,0
BRDA:109,5,0,0
BRDA:109,5,1,0
BRDA:110,6,0,0
BRDA:110,6,1,0
BRDA:111,7,0,0
BRDA:111,7,1,0
BRDA:112,8,0,0
BRDA:112,8,1,0
BRDA:113,9,0,0
BRDA:113,9,1,0
BRDA:114,10,0,0
BRDA:114,10,1,0
BRDA:115,11,0,0
BRDA:115,11,1,0
BRDA:149,12,0,0
BRDA:149,12,1,0
BRDA:156,13,0,0
BRDA:156,13,1,0
BRDA:168,14,0,0
BRDA:168,14,1,0
BRDA:187,15,0,0
BRDA:187,15,1,0
BRDA:220,16,0,0
BRDA:220,16,1,0
BRDA:241,17,0,0
BRDA:241,17,1,0
BRDA:243,18,0,0
BRDA:243,18,1,0
BRDA:254,19,0,0
BRDA:254,19,1,0
BRDA:279,20,0,0
BRDA:279,20,1,0
BRDA:329,21,0,0
BRDA:329,21,1,0
BRDA:335,22,0,0
BRDA:335,22,1,0
BRDA:336,23,0,0
BRDA:336,23,1,0
BRDA:337,24,0,0
BRDA:337,24,1,0
BRDA:338,25,0,0
BRDA:338,25,1,0
BRDA:345,26,0,0
BRDA:345,26,1,0
BRDA:350,27,0,0
BRDA:350,27,1,0
BRDA:355,28,0,0
BRDA:355,28,1,0
BRDA:365,29,0,0
BRDA:365,29,1,0
BRF:60
BRH:0
end_of_record
TN:
SF:src/services/progressService.js
FN:56,(anonymous_0)
FN:121,(anonymous_1)
FN:174,(anonymous_2)
FN:182,(anonymous_3)
FN:193,(anonymous_4)
FN:204,(anonymous_5)
FN:215,(anonymous_6)
FN:226,(anonymous_7)
FN:244,(anonymous_8)
FN:248,(anonymous_9)
FN:263,(anonymous_10)
FN:289,(anonymous_11)
FN:315,(anonymous_12)
FN:341,(anonymous_13)
FN:344,(anonymous_14)
FN:350,(anonymous_15)
FN:363,(anonymous_16)
FNF:17
FNH:17
FNDA:8,(anonymous_0)
FNDA:28,(anonymous_1)
FNDA:8,(anonymous_2)
FNDA:8,(anonymous_3)
FNDA:8,(anonymous_4)
FNDA:8,(anonymous_5)
FNDA:8,(anonymous_6)
FNDA:7,(anonymous_7)
FNDA:7,(anonymous_8)
FNDA:5,(anonymous_9)
FNDA:7,(anonymous_10)
FNDA:7,(anonymous_11)
FNDA:7,(anonymous_12)
FNDA:1,(anonymous_13)
FNDA:2,(anonymous_14)
FNDA:4,(anonymous_15)
FNDA:1,(anonymous_16)
DA:6,2
DA:7,2
DA:10,2
DA:20,2
DA:30,2
DA:38,2
DA:46,2
DA:56,2
DA:58,8
DA:66,8
DA:67,1
DA:70,7
DA:71,7
DA:72,7
DA:75,7
DA:78,7
DA:79,7
DA:80,6
DA:82,1
DA:83,1
DA:87,7
DA:88,7
DA:89,5
DA:91,2
DA:92,2
DA:96,7
DA:97,7
DA:98,5
DA:100,2
DA:101,2
DA:105,7
DA:106,7
DA:107,5
DA:109,2
DA:110,2
DA:114,7
DA:115,7
DA:116,0
DA:120,7
DA:121,28
DA:122,7
DA:125,7
DA:128,7
DA:130,7
DA:174,2
DA:175,8
DA:176,8
DA:182,2
DA:183,8
DA:187,8
DA:193,2
DA:194,8
DA:198,8
DA:204,2
DA:205,8
DA:209,8
DA:215,2
DA:216,8
DA:220,8
DA:226,2
DA:227,7
DA:229,7
DA:230,28
DA:231,1
DA:235,7
DA:244,2
DA:245,7
DA:248,7
DA:250,7
DA:251,2
DA:254,7
DA:263,2
DA:264,7
DA:265,7
DA:267,7
DA:268,2
DA:272,7
DA:273,4
DA:274,0
DA:278,7
DA:289,2
DA:290,7
DA:291,7
DA:294,7
DA:295,10
DA:299,7
DA:300,14
DA:301,4
DA:305,7
DA:315,2
DA:317,7
DA:318,3
DA:322,4
DA:329,4
DA:330,4
DA:331,4
DA:335,0
DA:341,2
DA:342,1
DA:344,2
DA:350,2
DA:351,4
DA:357,4
DA:363,2
DA:364,1
DA:366,1
DA:375,2
LF:107
LH:104
BRDA:66,0,0,1
BRDA:66,0,1,7
BRDA:79,1,0,6
BRDA:79,1,1,1
BRDA:88,2,0,5
BRDA:88,2,1,2
BRDA:97,3,0,5
BRDA:97,3,1,2
BRDA:106,4,0,5
BRDA:106,4,1,2
BRDA:114,5,0,7
BRDA:114,5,1,7
BRDA:115,6,0,0
BRDA:115,6,1,7
BRDA:128,7,0,7
BRDA:128,7,1,3
BRDA:176,8,0,8
BRDA:176,8,1,1
BRDA:220,9,0,8
BRDA:220,9,1,2
BRDA:230,10,0,1
BRDA:230,10,1,27
BRDA:230,11,0,28
BRDA:230,11,1,27
BRDA:250,12,0,2
BRDA:250,12,1,5
BRDA:267,13,0,2
BRDA:267,13,1,5
BRDA:267,14,0,7
BRDA:267,14,1,6
BRDA:273,15,0,0
BRDA:273,15,1,4
BRDA:273,16,0,4
BRDA:273,16,1,4
BRDA:274,17,0,0
BRDA:274,17,1,0
BRDA:295,18,0,10
BRDA:295,18,1,10
BRDA:300,19,0,4
BRDA:300,19,1,10
BRDA:317,20,0,3
BRDA:317,20,1,4
BRDA:330,21,0,4
BRDA:330,21,1,0
BRDA:357,22,0,4
BRDA:357,22,1,0
BRF:46
BRH:40
end_of_record
TN:
SF:src/services/reviewService.js
FN:17,(anonymous_0)
FN:72,(anonymous_1)
FN:134,(anonymous_2)
FN:214,(anonymous_3)
FN:248,(anonymous_4)
FN:276,(anonymous_5)
FN:317,(anonymous_6)
FN:349,(anonymous_7)
FNF:8
FNH:8
FNDA:4,(anonymous_0)
FNDA:3,(anonymous_1)
FNDA:3,(anonymous_2)
FNDA:4,(anonymous_3)
FNDA:1,(anonymous_4)
FNDA:1,(anonymous_5)
FNDA:3,(anonymous_6)
FNDA:9,(anonymous_7)
DA:6,2
DA:7,2
DA:8,2
DA:17,2
DA:18,4
DA:21,4
DA:22,4
DA:23,1
DA:27,3
DA:28,3
DA:29,1
DA:33,2
DA:39,2
DA:46,2
DA:47,0
DA:51,2
DA:62,2
DA:72,2
DA:73,3
DA:76,3
DA:77,3
DA:78,1
DA:82,2
DA:83,1
DA:87,1
DA:93,1
DA:105,1
DA:108,1
DA:118,1
DA:134,2
DA:135,3
DA:137,3
DA:138,1
DA:142,2
DA:143,2
DA:144,0
DA:148,2
DA:149,1
DA:153,1
DA:156,1
DA:162,1
DA:163,1
DA:174,1
DA:175,1
DA:182,1
DA:185,1
DA:196,1
DA:214,2
DA:215,4
DA:216,1
DA:221,3
DA:230,3
DA:240,3
DA:248,2
DA:250,1
DA:260,1
DA:264,1
DA:276,2
DA:277,1
DA:279,1
DA:280,1
DA:281,1
DA:283,1
DA:296,1
DA:301,1
DA:317,2
DA:318,3
DA:319,3
DA:320,1
DA:323,2
DA:328,2
DA:329,1
DA:333,1
DA:345,1
DA:349,2
DA:350,9
DA:351,9
DA:354,2
LF:78
LH:76
BRDA:17,0,0,4
BRDA:18,1,0,4
BRDA:22,2,0,1
BRDA:22,2,1,3
BRDA:28,3,0,1
BRDA:28,3,1,2
BRDA:46,4,0,0
BRDA:46,4,1,2
BRDA:72,5,0,2
BRDA:73,6,0,2
BRDA:73,7,0,3
BRDA:77,8,0,1
BRDA:77,8,1,2
BRDA:82,9,0,1
BRDA:82,9,1,1
BRDA:105,10,0,1
BRDA:105,10,1,0
BRDA:134,11,0,0
BRDA:135,12,0,3
BRDA:135,13,0,3
BRDA:137,14,0,1
BRDA:137,14,1,2
BRDA:143,15,0,0
BRDA:143,15,1,2
BRDA:148,16,0,1
BRDA:148,16,1,1
BRDA:153,17,0,1
BRDA:153,17,1,0
BRDA:162,18,0,0
BRDA:162,18,1,1
BRDA:174,19,0,1
BRDA:174,19,1,0
BRDA:214,20,0,0
BRDA:215,21,0,1
BRDA:215,21,1,3
BRDA:215,22,0,4
BRDA:215,22,1,3
BRDA:267,23,0,1
BRDA:267,23,1,0
BRDA:276,24,0,1
BRDA:277,25,0,1
BRDA:277,26,0,1
BRDA:277,27,0,1
BRDA:277,28,0,1
BRDA:280,29,0,1
BRDA:280,29,1,0
BRDA:281,30,0,0
BRDA:281,30,1,1
BRDA:290,31,0,1
BRDA:290,31,1,0
BRDA:317,32,0,2
BRDA:319,33,0,1
BRDA:319,33,1,2
BRDA:328,34,0,1
BRDA:328,34,1,1
BRDA:351,35,0,9
BRDA:351,35,1,2
BRF:57
BRH:45
end_of_record
TN:
SF:src/services/submissionService.js
FN:52,(anonymous_0)
FN:108,(anonymous_1)
FN:146,(anonymous_2)
FN:158,(anonymous_3)
FN:201,(anonymous_4)
FN:270,(anonymous_5)
FN:272,(anonymous_6)
FN:283,(anonymous_7)
FN:294,(anonymous_8)
FN:299,(anonymous_9)
FN:307,(anonymous_10)
FN:315,(anonymous_11)
FNF:12
FNH:11
FNDA:9,(anonymous_0)
FNDA:7,(anonymous_1)
FNDA:12,(anonymous_2)
FNDA:12,(anonymous_3)
FNDA:0,(anonymous_4)
FNDA:11,(anonymous_5)
FNDA:18,(anonymous_6)
FNDA:3,(anonymous_7)
FNDA:9,(anonymous_8)
FNDA:8,(anonymous_9)
FNDA:8,(anonymous_10)
FNDA:8,(anonymous_11)
DA:6,2
DA:7,2
DA:8,2
DA:11,2
DA:23,2
DA:31,2
DA:39,2
DA:52,2
DA:53,9
DA:54,9
DA:57,9
DA:58,9
DA:59,1
DA:62,8
DA:63,8
DA:64,8
DA:67,8
DA:68,1
DA:75,8
DA:76,1
DA:83,8
DA:84,0
DA:91,8
DA:92,8
DA:93,1
DA:100,8
DA:101,0
DA:108,8
DA:109,8
DA:110,1
DA:116,7
DA:118,0
DA:126,8
DA:127,8
DA:128,1
DA:135,8
DA:136,7
DA:137,0
DA:145,8
DA:146,12
DA:148,8
DA:149,15
DA:150,3
DA:158,12
DA:159,8
DA:160,1
DA:167,8
DA:168,8
DA:174,8
DA:175,8
DA:181,8
DA:201,2
DA:203,0
DA:205,0
DA:206,0
DA:214,0
DA:222,0
DA:225,0
DA:231,0
DA:242,0
DA:248,0
DA:258,0
DA:270,2
DA:271,11
DA:272,11
DA:273,18
DA:275,11
DA:277,11
DA:283,2
DA:284,3
DA:290,3
DA:294,2
DA:295,9
DA:296,9
DA:299,2
DA:300,8
DA:304,8
DA:307,2
DA:308,8
DA:312,8
DA:315,2
DA:316,8
DA:320,8
DA:323,2
LF:84
LH:70
BRDA:58,0,0,1
BRDA:58,0,1,8
BRDA:67,1,0,1
BRDA:67,1,1,7
BRDA:67,2,0,8
BRDA:67,2,1,7
BRDA:75,3,0,1
BRDA:75,3,1,7
BRDA:75,4,0,8
BRDA:75,4,1,7
BRDA:83,5,0,0
BRDA:83,5,1,8
BRDA:83,6,0,8
BRDA:83,6,1,8
BRDA:92,7,0,1
BRDA:92,7,1,7
BRDA:92,8,0,8
BRDA:92,8,1,7
BRDA:92,8,2,6
BRDA:100,9,0,0
BRDA:100,9,1,8
BRDA:100,10,0,8
BRDA:100,10,1,8
BRDA:109,11,0,1
BRDA:109,11,1,7
BRDA:116,12,0,0
BRDA:116,12,1,7
BRDA:116,13,0,7
BRDA:116,13,1,7
BRDA:116,13,2,7
BRDA:116,13,3,7
BRDA:127,14,0,1
BRDA:127,14,1,7
BRDA:127,15,0,8
BRDA:127,15,1,7
BRDA:136,16,0,0
BRDA:136,16,1,7
BRDA:136,17,0,7
BRDA:136,17,1,7
BRDA:139,18,0,0
BRDA:139,18,1,0
BRDA:145,19,0,8
BRDA:145,19,1,1
BRDA:149,20,0,3
BRDA:149,20,1,12
BRDA:159,21,0,1
BRDA:159,21,1,7
BRDA:167,22,0,8
BRDA:167,22,1,0
BRDA:174,23,0,8
BRDA:174,23,1,0
BRDA:205,24,0,0
BRDA:205,24,1,0
BRDA:271,25,0,11
BRDA:271,25,1,1
BRDA:277,26,0,11
BRDA:277,26,1,10
BRDA:290,27,0,3
BRDA:290,27,1,0
BRDA:296,28,0,9
BRDA:296,28,1,1
BRF:61
BRH:50
end_of_record
TN:
SF:src/services/systemLogService.js
FN:20,(anonymous_0)
FN:44,(anonymous_1)
FN:58,(anonymous_2)
FN:72,(anonymous_3)
FN:86,(anonymous_4)
FNF:5
FNH:1
FNDA:1,(anonymous_0)
FNDA:0,(anonymous_1)
FNDA:0,(anonymous_2)
FNDA:0,(anonymous_3)
FNDA:0,(anonymous_4)
DA:6,3
DA:7,3
DA:9,3
DA:20,3
DA:21,1
DA:22,1
DA:30,1
DA:31,1
DA:34,1
DA:36,1
DA:37,1
DA:44,3
DA:45,0
DA:47,0
DA:52,0
DA:58,3
DA:59,0
DA:61,0
DA:66,0
DA:72,3
DA:73,0
DA:75,0
DA:80,0
DA:86,3
DA:87,0
DA:89,0
DA:94,0
DA:97,3
LF:28
LH:16
BRDA:20,0,0,1
BRDA:20,1,0,0
BRDA:30,2,0,1
BRDA:30,2,1,0
BRDA:31,3,0,1
BRDA:31,3,1,1
BRDA:44,4,0,0
BRDA:45,5,0,0
BRDA:45,6,0,0
BRDA:58,7,0,0
BRDA:59,8,0,0
BRDA:59,9,0,0
BRDA:72,10,0,0
BRDA:73,11,0,0
BRDA:73,12,0,0
BRDA:86,13,0,0
BRDA:87,14,0,0
BRDA:87,15,0,0
BRF:18
BRH:4
end_of_record
TN:
SF:src/services/transactionEligibility.js
FN:43,(anonymous_0)
FN:102,(anonymous_1)
FN:146,(anonymous_2)
FN:155,(anonymous_3)
FNF:4
FNH:2
FNDA:8,(anonymous_0)
FNDA:4,(anonymous_1)
FNDA:0,(anonymous_2)
FNDA:0,(anonymous_3)
DA:9,2
DA:10,2
DA:13,2
DA:19,2
DA:43,2
DA:47,8
DA:48,7
DA:54,7
DA:55,1
DA:62,6
DA:63,1
DA:64,1
DA:66,0
DA:74,7
DA:75,7
DA:78,7
DA:79,4
DA:83,3
DA:84,1
DA:92,2
DA:102,2
DA:103,4
DA:105,1
DA:112,1
DA:120,1
DA:127,1
DA:134,0
DA:146,2
DA:147,0
DA:148,0
DA:155,2
DA:156,0
DA:163,0
DA:164,0
DA:167,0
DA:168,0
DA:170,0
DA:178,2
LF:38
LH:28
BRDA:47,0,0,7
BRDA:47,0,1,1
BRDA:54,1,0,1
BRDA:54,1,1,6
BRDA:63,2,0,1
BRDA:63,2,1,0
BRDA:63,3,0,1
BRDA:63,3,1,1
BRDA:74,4,0,7
BRDA:74,4,1,0
BRDA:75,5,0,7
BRDA:75,5,1,0
BRDA:78,6,0,4
BRDA:78,6,1,3
BRDA:83,7,0,1
BRDA:83,7,1,2
BRDA:103,8,0,1
BRDA:103,8,1,1
BRDA:103,8,2,1
BRDA:103,8,3,1
BRDA:103,8,4,1
BRDA:103,8,5,0
BRDA:130,9,0,1
BRDA:130,9,1,0
BRDA:163,10,0,0
BRDA:163,10,1,0
BRF:26
BRH:19
end_of_record
TN:
SF:src/services/transactionService.js
FN:22,(anonymous_0)
FN:77,(anonymous_1)
FN:92,(anonymous_2)
FN:125,(anonymous_3)
FN:161,(anonymous_4)
FNF:5
FNH:0
FNDA:0,(anonymous_0)
FNDA:0,(anonymous_1)
FNDA:0,(anonymous_2)
FNDA:0,(anonymous_3)
FNDA:0,(anonymous_4)
DA:6,1
DA:7,1
DA:8,1
DA:9,1
DA:22,1
DA:30,0
DA:53,0
DA:56,0
DA:69,0
DA:77,1
DA:78,0
DA:83,0
DA:92,1
DA:93,0
DA:95,0
DA:96,0
DA:97,0
DA:99,0
DA:100,0
DA:101,0
DA:102,0
DA:105,0
DA:106,0
DA:107,0
DA:108,0
DA:111,0
DA:112,0
DA:114,0
DA:115,0
DA:125,1
DA:126,0
DA:128,0
DA:129,0
DA:130,0
DA:132,0
DA:133,0
DA:136,0
DA:137,0
DA:138,0
DA:139,0
DA:142,0
DA:143,0
DA:144,0
DA:145,0
DA:148,0
DA:149,0
DA:151,0
DA:152,0
DA:161,1
DA:162,0
DA:167,1
LF:51
LH:10
BRDA:25,0,0,0
BRDA:27,1,0,0
BRDA:28,2,0,0
BRDA:83,3,0,0
BRDA:83,3,1,0
BRDA:92,4,0,0
BRDA:93,5,0,0
BRDA:93,6,0,0
BRDA:99,7,0,0
BRDA:99,7,1,0
BRDA:105,8,0,0
BRDA:105,8,1,0
BRDA:125,9,0,0
BRDA:132,10,0,0
BRDA:132,10,1,0
BRDA:136,11,0,0
BRDA:136,11,1,0
BRDA:142,12,0,0
BRDA:142,12,1,0
BRF:19
BRH:0
end_of_record
TN:
SF:src/shared/constants.js
FNF:0
FNH:0
DA:7,5
DA:13,5
DA:23,5
DA:31,5
DA:38,5
DA:45,5
DA:53,5
DA:60,5
DA:67,5
DA:75,5
DA:84,5
DA:93,5
LF:12
LH:12
BRF:0
BRH:0
end_of_record
TN:
SF:src/shared/kycConstants.js
FNF:0
FNH:0
DA:8,4
DA:18,4
DA:27,4
DA:35,4
DA:44,4
LF:5
LH:5
BRF:0
BRH:0
end_of_record
TN:
SF:src/utils/response.js
FN:57,(anonymous_0)
FN:74,(anonymous_1)
FN:85,(anonymous_2)
FN:90,(anonymous_3)
FN:115,(anonymous_4)
FN:131,(anonymous_5)
FN:147,(anonymous_6)
FN:163,(anonymous_7)
FN:179,(anonymous_8)
FN:195,(anonymous_9)
FN:223,(anonymous_10)
FNF:11
FNH:0
FNDA:0,(anonymous_0)
FNDA:0,(anonymous_1)
FNDA:0,(anonymous_2)
FNDA:0,(anonymous_3)
FNDA:0,(anonymous_4)
FNDA:0,(anonymous_5)
FNDA:0,(anonymous_6)
FNDA:0,(anonymous_7)
FNDA:0,(anonymous_8)
FNDA:0,(anonymous_9)
FNDA:0,(anonymous_10)
DA:16,1
DA:57,1
DA:58,0
DA:62,0
DA:63,0
DA:65,0
DA:74,1
DA:75,0
DA:85,1
DA:87,0
DA:88,0
DA:89,0
DA:90,0
DA:91,0
DA:92,0
DA:93,0
DA:94,0
DA:99,0
DA:115,1
DA:116,0
DA:131,1
DA:132,0
DA:147,1
DA:148,0
DA:163,1
DA:164,0
DA:179,1
DA:180,0
DA:195,1
DA:197,0
DA:198,0
DA:203,0
DA:207,0
DA:223,1
DA:224,0
DA:234,0
DA:235,0
DA:237,0
DA:240,1
LF:39
LH:12
BRDA:57,0,0,0
BRDA:57,1,0,0
BRDA:62,2,0,0
BRDA:62,2,1,0
BRDA:74,3,0,0
BRDA:85,4,0,0
BRDA:85,5,0,0
BRDA:88,6,0,0
BRDA:88,6,1,0
BRDA:91,7,0,0
BRDA:91,7,1,0
BRDA:93,8,0,0
BRDA:93,8,1,0
BRDA:93,9,0,0
BRDA:93,9,1,0
BRDA:103,10,0,0
BRDA:103,10,1,0
BRDA:104,11,0,0
BRDA:104,11,1,0
BRDA:115,12,0,0
BRDA:115,13,0,0
BRDA:131,14,0,0
BRDA:131,15,0,0
BRDA:147,16,0,0
BRDA:147,17,0,0
BRDA:163,18,0,0
BRDA:163,19,0,0
BRDA:179,20,0,0
BRDA:179,21,0,0
BRDA:195,22,0,0
BRDA:195,23,0,0
BRDA:197,24,0,0
BRDA:197,24,1,0
BRDA:203,25,0,0
BRDA:203,25,1,0
BRDA:223,26,0,0
BRDA:228,27,0,0
BRDA:228,27,1,0
BRDA:229,28,0,0
BRDA:229,28,1,0
BRDA:230,29,0,0
BRDA:230,29,1,0
BRDA:231,30,0,0
BRDA:231,30,1,0
BRDA:231,31,0,0
BRDA:231,31,1,0
BRDA:234,32,0,0
BRDA:234,32,1,0
BRF:48
BRH:0
end_of_record
